Partition Merge report for 500W1200W
Wed Jan 10 11:12:52 2018
Quartus II 64-Bit Version 13.1.0 Build 162 10/23/2013 SJ Full Version


---------------------
; Table of Contents ;
---------------------
  1. Legal Notice
  2. Partition Merge Summary
  3. Partition Merge Netlist Types Used
  4. Partition Merge Partition Statistics
  5. Partition Merge Partition Pin Processing
  6. Partition Merge Resource Usage Summary
  7. Partition Merge RAM Summary
  8. Partition Merge DSP Block Usage Summary
  9. Partition Merge Messages



----------------
; Legal Notice ;
----------------
Copyright (C) 1991-2013 Altera Corporation
Your use of Altera Corporation's design tools, logic functions 
and other software and tools, and its AMPP partner logic 
functions, and any output files from any of the foregoing 
(including device programming or simulation files), and any 
associated documentation or information are expressly subject 
to the terms and conditions of the Altera Program License 
Subscription Agreement, Altera MegaCore Function License 
Agreement, or other applicable license agreement, including, 
without limitation, that your use is for the sole purpose of 
programming logic devices manufactured by Altera and sold by 
Altera or its authorized distributors.  Please refer to the 
applicable agreement for further details.



+----------------------------------------------------------------------------------+
; Partition Merge Summary                                                          ;
+------------------------------------+---------------------------------------------+
; Partition Merge Status             ; Successful - Wed Jan 10 11:12:52 2018       ;
; Quartus II 64-Bit Version          ; 13.1.0 Build 162 10/23/2013 SJ Full Version ;
; Revision Name                      ; 500W1200W                                   ;
; Top-level Entity Name              ; timing                                      ;
; Family                             ; Cyclone IV E                                ;
; Total logic elements               ; 9,499                                       ;
;     Total combinational functions  ; 8,585                                       ;
;     Dedicated logic registers      ; 4,647                                       ;
; Total registers                    ; 4647                                        ;
; Total pins                         ; 66                                          ;
; Total virtual pins                 ; 0                                           ;
; Total memory bits                  ; 12,288                                      ;
; Embedded Multiplier 9-bit elements ; 7                                           ;
; Total PLLs                         ; 1                                           ;
+------------------------------------+---------------------------------------------+


+-------------------------------------------------------------------------------------------------------------------------------+
; Partition Merge Netlist Types Used                                                                                            ;
+--------------------------------+----------------+-------------------+------------------------+--------------------------------+
; Partition Name                 ; Partition Type ; Netlist Type Used ; Netlist Type Requested ; Partition Contents             ;
+--------------------------------+----------------+-------------------+------------------------+--------------------------------+
; Top                            ; User-created   ; Source File       ; Post-Fit               ;                                ;
; hard_block:auto_generated_inst ; Auto-generated ; Source File       ; Source File            ; hard_block:auto_generated_inst ;
+--------------------------------+----------------+-------------------+------------------------+--------------------------------+


+--------------------------------------------------------------------------------------+
; Partition Merge Partition Statistics                                                 ;
+---------------------------------------------+-------+--------------------------------+
; Statistic                                   ; Top   ; hard_block:auto_generated_inst ;
+---------------------------------------------+-------+--------------------------------+
; Estimated Total logic elements              ; 9499  ; 0                              ;
;                                             ;       ;                                ;
; Total combinational functions               ; 8585  ; 0                              ;
; Logic element usage by number of LUT inputs ;       ;                                ;
;     -- 4 input functions                    ; 2547  ; 0                              ;
;     -- 3 input functions                    ; 3765  ; 0                              ;
;     -- <=2 input functions                  ; 2273  ; 0                              ;
;                                             ;       ;                                ;
; Logic elements by mode                      ;       ;                                ;
;     -- normal mode                          ; 6069  ; 0                              ;
;     -- arithmetic mode                      ; 2516  ; 0                              ;
;                                             ;       ;                                ;
; Total registers                             ; 4647  ; 0                              ;
;     -- Dedicated logic registers            ; 4647  ; 0                              ;
;     -- I/O registers                        ; 0     ; 0                              ;
;                                             ;       ;                                ;
; Virtual pins                                ; 0     ; 0                              ;
; I/O pins                                    ; 66    ; 0                              ;
; Embedded Multiplier 9-bit elements          ; 7     ; 0                              ;
; Total memory bits                           ; 12288 ; 0                              ;
; Total RAM block bits                        ; 0     ; 0                              ;
; PLL                                         ; 0     ; 1                              ;
;                                             ;       ;                                ;
; Connections                                 ;       ;                                ;
;     -- Input Connections                    ; 3544  ; 1                              ;
;     -- Registered Input Connections         ; 3528  ; 0                              ;
;     -- Output Connections                   ; 17    ; 3528                           ;
;     -- Registered Output Connections        ; 0     ; 0                              ;
;                                             ;       ;                                ;
; Internal Connections                        ;       ;                                ;
;     -- Total Connections                    ; 47705 ; 3530                           ;
;     -- Registered Connections               ; 20650 ; 0                              ;
;                                             ;       ;                                ;
; External Connections                        ;       ;                                ;
;     -- Top                                  ; 32    ; 3529                           ;
;     -- hard_block:auto_generated_inst       ; 3529  ; 0                              ;
;                                             ;       ;                                ;
; Partition Interface                         ;       ;                                ;
;     -- Input Ports                          ; 26    ; 1                              ;
;     -- Output Ports                         ; 24    ; 1                              ;
;     -- Bidir Ports                          ; 16    ; 0                              ;
;                                             ;       ;                                ;
; Registered Ports                            ;       ;                                ;
;     -- Registered Input Ports               ; 0     ; 0                              ;
;     -- Registered Output Ports              ; 0     ; 0                              ;
;                                             ;       ;                                ;
; Port Connectivity                           ;       ;                                ;
;     -- Input Ports driven by GND            ; 0     ; 0                              ;
;     -- Output Ports driven by GND           ; 0     ; 0                              ;
;     -- Input Ports driven by VCC            ; 0     ; 0                              ;
;     -- Output Ports driven by VCC           ; 0     ; 0                              ;
;     -- Input Ports with no Source           ; 0     ; 0                              ;
;     -- Output Ports with no Source          ; 0     ; 0                              ;
;     -- Input Ports with no Fanout           ; 0     ; 0                              ;
;     -- Output Ports with no Fanout          ; 0     ; 0                              ;
+---------------------------------------------+-------+--------------------------------+
Note: Resource usage numbers presented for Partitions containing post-synthesis logic are estimates.  For Partitions containing post-fit logic, resource usage numbers are accurate based on previous placement information.  Actual Fitter results may vary depending on current Fitter Preservation Level assignments.


+-------------------------------------------------------------------------------------------------------------------+
; Partition Merge Partition Pin Processing                                                                          ;
+-------------------------------+-----------+---------------+----------+--------------------------------------------+
; Name                          ; Partition ; Type          ; Location ; Status                                     ;
+-------------------------------+-----------+---------------+----------+--------------------------------------------+
; alarm_led                     ; Top       ; Output Port   ; n/a      ;                                            ;
;     -- alarm_led              ; Top       ; Output Pad    ; Unplaced ; Synthesized                                ;
;     -- alarm_led~output       ; Top       ; Output Buffer ; Unplaced ; Synthesized                                ;
;                               ;           ;               ;          ;                                            ;
; ang_ad_miso                   ; Top       ; Input Port    ; n/a      ;                                            ;
;     -- ang_ad_miso            ; Top       ; Input Pad     ; Unplaced ; Synthesized                                ;
;     -- ang_ad_miso~input      ; Top       ; Input Buffer  ; Unplaced ; Synthesized                                ;
;                               ;           ;               ;          ;                                            ;
; ang_ad_ncs                    ; Top       ; Output Port   ; n/a      ;                                            ;
;     -- ang_ad_ncs             ; Top       ; Output Pad    ; Unplaced ; Synthesized                                ;
;     -- ang_ad_ncs~output      ; Top       ; Output Buffer ; Unplaced ; Synthesized                                ;
;                               ;           ;               ;          ;                                            ;
; ang_ad_sclk                   ; Top       ; Output Port   ; n/a      ;                                            ;
;     -- ang_ad_sclk            ; Top       ; Output Pad    ; Unplaced ; Synthesized                                ;
;     -- ang_ad_sclk~output     ; Top       ; Output Buffer ; Unplaced ; Preserved from Synthesis Netlist (WYSIWYG) ;
;                               ;           ;               ;          ;                                            ;
; ccs1_ad_miso                  ; Top       ; Input Port    ; n/a      ;                                            ;
;     -- ccs1_ad_miso           ; Top       ; Input Pad     ; Unplaced ; Synthesized                                ;
;     -- ccs1_ad_miso~input     ; Top       ; Input Buffer  ; Unplaced ; Synthesized                                ;
;                               ;           ;               ;          ;                                            ;
; ccs1_ad_ncs                   ; Top       ; Output Port   ; n/a      ;                                            ;
;     -- ccs1_ad_ncs            ; Top       ; Output Pad    ; Unplaced ; Synthesized                                ;
;     -- ccs1_ad_ncs~output     ; Top       ; Output Buffer ; Unplaced ; Synthesized                                ;
;                               ;           ;               ;          ;                                            ;
; ccs1_da_mosi                  ; Top       ; Output Port   ; n/a      ;                                            ;
;     -- ccs1_da_mosi           ; Top       ; Output Pad    ; Unplaced ; Synthesized                                ;
;     -- ccs1_da_mosi~output    ; Top       ; Output Buffer ; Unplaced ; Preserved from Synthesis Netlist (WYSIWYG) ;
;                               ;           ;               ;          ;                                            ;
; ccs1_da_nsync                 ; Top       ; Output Port   ; n/a      ;                                            ;
;     -- ccs1_da_nsync          ; Top       ; Output Pad    ; Unplaced ; Synthesized                                ;
;     -- ccs1_da_nsync~output   ; Top       ; Output Buffer ; Unplaced ; Synthesized                                ;
;                               ;           ;               ;          ;                                            ;
; ccs1_sclk                     ; Top       ; Output Port   ; n/a      ;                                            ;
;     -- ccs1_sclk              ; Top       ; Output Pad    ; Unplaced ; Synthesized                                ;
;     -- ccs1_sclk~output       ; Top       ; Output Buffer ; Unplaced ; Preserved from Synthesis Netlist (WYSIWYG) ;
;                               ;           ;               ;          ;                                            ;
; ccs2_ad_miso                  ; Top       ; Input Port    ; n/a      ;                                            ;
;     -- ccs2_ad_miso           ; Top       ; Input Pad     ; Unplaced ; Synthesized                                ;
;     -- ccs2_ad_miso~input     ; Top       ; Input Buffer  ; Unplaced ; Synthesized                                ;
;                               ;           ;               ;          ;                                            ;
; ccs2_ad_ncs                   ; Top       ; Output Port   ; n/a      ;                                            ;
;     -- ccs2_ad_ncs            ; Top       ; Output Pad    ; Unplaced ; Synthesized                                ;
;     -- ccs2_ad_ncs~output     ; Top       ; Output Buffer ; Unplaced ; Synthesized                                ;
;                               ;           ;               ;          ;                                            ;
; ccs2_da_mosi                  ; Top       ; Output Port   ; n/a      ;                                            ;
;     -- ccs2_da_mosi           ; Top       ; Output Pad    ; Unplaced ; Synthesized                                ;
;     -- ccs2_da_mosi~output    ; Top       ; Output Buffer ; Unplaced ; Preserved from Synthesis Netlist (WYSIWYG) ;
;                               ;           ;               ;          ;                                            ;
; ccs2_da_nsync                 ; Top       ; Output Port   ; n/a      ;                                            ;
;     -- ccs2_da_nsync          ; Top       ; Output Pad    ; Unplaced ; Synthesized                                ;
;     -- ccs2_da_nsync~output   ; Top       ; Output Buffer ; Unplaced ; Synthesized                                ;
;                               ;           ;               ;          ;                                            ;
; ccs2_sclk                     ; Top       ; Output Port   ; n/a      ;                                            ;
;     -- ccs2_sclk              ; Top       ; Output Pad    ; Unplaced ; Synthesized                                ;
;     -- ccs2_sclk~output       ; Top       ; Output Buffer ; Unplaced ; Preserved from Synthesis Netlist (WYSIWYG) ;
;                               ;           ;               ;          ;                                            ;
; ccs_ad_chsel1                 ; Top       ; Output Port   ; n/a      ;                                            ;
;     -- ccs_ad_chsel1          ; Top       ; Output Pad    ; Unplaced ; Synthesized                                ;
;     -- ccs_ad_chsel1~output   ; Top       ; Output Buffer ; Unplaced ; Synthesized                                ;
;                               ;           ;               ;          ;                                            ;
; ccs_ad_chsel2                 ; Top       ; Output Port   ; n/a      ;                                            ;
;     -- ccs_ad_chsel2          ; Top       ; Output Pad    ; Unplaced ; Synthesized                                ;
;     -- ccs_ad_chsel2~output   ; Top       ; Output Buffer ; Unplaced ; Synthesized                                ;
;                               ;           ;               ;          ;                                            ;
; ccs_limerr1_i                 ; Top       ; Input Port    ; n/a      ;                                            ;
;     -- ccs_limerr1_i          ; Top       ; Input Pad     ; Unplaced ; Synthesized                                ;
;     -- ccs_limerr1_i~input    ; Top       ; Input Buffer  ; Unplaced ; Synthesized                                ;
;                               ;           ;               ;          ;                                            ;
; ccs_limerr2_i                 ; Top       ; Input Port    ; n/a      ;                                            ;
;     -- ccs_limerr2_i          ; Top       ; Input Pad     ; Unplaced ; Synthesized                                ;
;     -- ccs_limerr2_i~input    ; Top       ; Input Buffer  ; Unplaced ; Synthesized                                ;
;                               ;           ;               ;          ;                                            ;
; ccs_sw1_3_o                   ; Top       ; Output Port   ; n/a      ;                                            ;
;     -- ccs_sw1_3_o            ; Top       ; Output Pad    ; Unplaced ; Synthesized                                ;
;     -- ccs_sw1_3_o~output     ; Top       ; Output Buffer ; Unplaced ; Synthesized                                ;
;                               ;           ;               ;          ;                                            ;
; ccs_sw4_6_o                   ; Top       ; Output Port   ; n/a      ;                                            ;
;     -- ccs_sw4_6_o            ; Top       ; Output Pad    ; Unplaced ; Synthesized                                ;
;     -- ccs_sw4_6_o~output     ; Top       ; Output Buffer ; Unplaced ; Synthesized                                ;
;                               ;           ;               ;          ;                                            ;
; clk_in                        ; Top       ; Input Port    ; n/a      ;                                            ;
;     -- clk_in                 ; Top       ; Input Pad     ; Unplaced ; Synthesized                                ;
;     -- clk_in~input           ; Top       ; Input Buffer  ; Unplaced ; Synthesized                                ;
;                               ;           ;               ;          ;                                            ;
; err_out_o                     ; Top       ; Output Port   ; n/a      ;                                            ;
;     -- err_out_o              ; Top       ; Output Pad    ; Unplaced ; Synthesized                                ;
;     -- err_out_o~output       ; Top       ; Output Buffer ; Unplaced ; Synthesized                                ;
;                               ;           ;               ;          ;                                            ;
; fsmc_addr[0]                  ; Top       ; Input Port    ; n/a      ;                                            ;
;     -- fsmc_addr[0]           ; Top       ; Input Pad     ; Unplaced ; Synthesized                                ;
;     -- fsmc_addr[0]~input     ; Top       ; Input Buffer  ; Unplaced ; Synthesized                                ;
;                               ;           ;               ;          ;                                            ;
; fsmc_addr[1]                  ; Top       ; Input Port    ; n/a      ;                                            ;
;     -- fsmc_addr[1]           ; Top       ; Input Pad     ; Unplaced ; Synthesized                                ;
;     -- fsmc_addr[1]~input     ; Top       ; Input Buffer  ; Unplaced ; Synthesized                                ;
;                               ;           ;               ;          ;                                            ;
; fsmc_addr[2]                  ; Top       ; Input Port    ; n/a      ;                                            ;
;     -- fsmc_addr[2]           ; Top       ; Input Pad     ; Unplaced ; Synthesized                                ;
;     -- fsmc_addr[2]~input     ; Top       ; Input Buffer  ; Unplaced ; Synthesized                                ;
;                               ;           ;               ;          ;                                            ;
; fsmc_addr[3]                  ; Top       ; Input Port    ; n/a      ;                                            ;
;     -- fsmc_addr[3]           ; Top       ; Input Pad     ; Unplaced ; Synthesized                                ;
;     -- fsmc_addr[3]~input     ; Top       ; Input Buffer  ; Unplaced ; Synthesized                                ;
;                               ;           ;               ;          ;                                            ;
; fsmc_addr[4]                  ; Top       ; Input Port    ; n/a      ;                                            ;
;     -- fsmc_addr[4]           ; Top       ; Input Pad     ; Unplaced ; Synthesized                                ;
;     -- fsmc_addr[4]~input     ; Top       ; Input Buffer  ; Unplaced ; Synthesized                                ;
;                               ;           ;               ;          ;                                            ;
; fsmc_addr[5]                  ; Top       ; Input Port    ; n/a      ;                                            ;
;     -- fsmc_addr[5]           ; Top       ; Input Pad     ; Unplaced ; Synthesized                                ;
;     -- fsmc_addr[5]~input     ; Top       ; Input Buffer  ; Unplaced ; Synthesized                                ;
;                               ;           ;               ;          ;                                            ;
; fsmc_addr[6]                  ; Top       ; Input Port    ; n/a      ;                                            ;
;     -- fsmc_addr[6]           ; Top       ; Input Pad     ; Unplaced ; Synthesized                                ;
;     -- fsmc_addr[6]~input     ; Top       ; Input Buffer  ; Unplaced ; Synthesized                                ;
;                               ;           ;               ;          ;                                            ;
; fsmc_addr[7]                  ; Top       ; Input Port    ; n/a      ;                                            ;
;     -- fsmc_addr[7]           ; Top       ; Input Pad     ; Unplaced ; Synthesized                                ;
;     -- fsmc_addr[7]~input     ; Top       ; Input Buffer  ; Unplaced ; Synthesized                                ;
;                               ;           ;               ;          ;                                            ;
; fsmc_chg_irq_o                ; Top       ; Output Port   ; n/a      ;                                            ;
;     -- fsmc_chg_irq_o         ; Top       ; Output Pad    ; Unplaced ; Synthesized                                ;
;     -- fsmc_chg_irq_o~output  ; Top       ; Output Buffer ; Unplaced ; Synthesized                                ;
;                               ;           ;               ;          ;                                            ;
; fsmc_csn                      ; Top       ; Input Port    ; n/a      ;                                            ;
;     -- fsmc_csn               ; Top       ; Input Pad     ; Unplaced ; Synthesized                                ;
;     -- fsmc_csn~input         ; Top       ; Input Buffer  ; Unplaced ; Synthesized                                ;
;                               ;           ;               ;          ;                                            ;
; fsmc_data_irq_o               ; Top       ; Output Port   ; n/a      ;                                            ;
;     -- fsmc_data_irq_o        ; Top       ; Output Pad    ; Unplaced ; Synthesized                                ;
;     -- fsmc_data_irq_o~output ; Top       ; Output Buffer ; Unplaced ; Synthesized                                ;
;                               ;           ;               ;          ;                                            ;
; fsmc_db[0]                    ; Top       ; Bidir Port    ; n/a      ;                                            ;
;     -- fsmc_db[0]             ; Top       ; Bidir Pad     ; Unplaced ; Synthesized                                ;
;     -- fsmc_db[0]~output      ; Top       ; Output Buffer ; Unplaced ; Preserved from Synthesis Netlist (WYSIWYG) ;
;                               ;           ;               ;          ;                                            ;
; fsmc_db[10]                   ; Top       ; Bidir Port    ; n/a      ;                                            ;
;     -- fsmc_db[10]            ; Top       ; Bidir Pad     ; Unplaced ; Synthesized                                ;
;     -- fsmc_db[10]~output     ; Top       ; Output Buffer ; Unplaced ; Preserved from Synthesis Netlist (WYSIWYG) ;
;                               ;           ;               ;          ;                                            ;
; fsmc_db[11]                   ; Top       ; Bidir Port    ; n/a      ;                                            ;
;     -- fsmc_db[11]            ; Top       ; Bidir Pad     ; Unplaced ; Synthesized                                ;
;     -- fsmc_db[11]~output     ; Top       ; Output Buffer ; Unplaced ; Preserved from Synthesis Netlist (WYSIWYG) ;
;                               ;           ;               ;          ;                                            ;
; fsmc_db[12]                   ; Top       ; Bidir Port    ; n/a      ;                                            ;
;     -- fsmc_db[12]            ; Top       ; Bidir Pad     ; Unplaced ; Synthesized                                ;
;     -- fsmc_db[12]~output     ; Top       ; Output Buffer ; Unplaced ; Preserved from Synthesis Netlist (WYSIWYG) ;
;                               ;           ;               ;          ;                                            ;
; fsmc_db[13]                   ; Top       ; Bidir Port    ; n/a      ;                                            ;
;     -- fsmc_db[13]            ; Top       ; Bidir Pad     ; Unplaced ; Synthesized                                ;
;     -- fsmc_db[13]~output     ; Top       ; Output Buffer ; Unplaced ; Preserved from Synthesis Netlist (WYSIWYG) ;
;                               ;           ;               ;          ;                                            ;
; fsmc_db[14]                   ; Top       ; Bidir Port    ; n/a      ;                                            ;
;     -- fsmc_db[14]            ; Top       ; Bidir Pad     ; Unplaced ; Synthesized                                ;
;     -- fsmc_db[14]~output     ; Top       ; Output Buffer ; Unplaced ; Preserved from Synthesis Netlist (WYSIWYG) ;
;                               ;           ;               ;          ;                                            ;
; fsmc_db[15]                   ; Top       ; Bidir Port    ; n/a      ;                                            ;
;     -- fsmc_db[15]            ; Top       ; Bidir Pad     ; Unplaced ; Synthesized                                ;
;     -- fsmc_db[15]~output     ; Top       ; Output Buffer ; Unplaced ; Preserved from Synthesis Netlist (WYSIWYG) ;
;                               ;           ;               ;          ;                                            ;
; fsmc_db[1]                    ; Top       ; Bidir Port    ; n/a      ;                                            ;
;     -- fsmc_db[1]             ; Top       ; Bidir Pad     ; Unplaced ; Synthesized                                ;
;     -- fsmc_db[1]~output      ; Top       ; Output Buffer ; Unplaced ; Preserved from Synthesis Netlist (WYSIWYG) ;
;                               ;           ;               ;          ;                                            ;
; fsmc_db[2]                    ; Top       ; Bidir Port    ; n/a      ;                                            ;
;     -- fsmc_db[2]             ; Top       ; Bidir Pad     ; Unplaced ; Synthesized                                ;
;     -- fsmc_db[2]~output      ; Top       ; Output Buffer ; Unplaced ; Preserved from Synthesis Netlist (WYSIWYG) ;
;                               ;           ;               ;          ;                                            ;
; fsmc_db[3]                    ; Top       ; Bidir Port    ; n/a      ;                                            ;
;     -- fsmc_db[3]             ; Top       ; Bidir Pad     ; Unplaced ; Synthesized                                ;
;     -- fsmc_db[3]~output      ; Top       ; Output Buffer ; Unplaced ; Preserved from Synthesis Netlist (WYSIWYG) ;
;                               ;           ;               ;          ;                                            ;
; fsmc_db[4]                    ; Top       ; Bidir Port    ; n/a      ;                                            ;
;     -- fsmc_db[4]             ; Top       ; Bidir Pad     ; Unplaced ; Synthesized                                ;
;     -- fsmc_db[4]~output      ; Top       ; Output Buffer ; Unplaced ; Preserved from Synthesis Netlist (WYSIWYG) ;
;                               ;           ;               ;          ;                                            ;
; fsmc_db[5]                    ; Top       ; Bidir Port    ; n/a      ;                                            ;
;     -- fsmc_db[5]             ; Top       ; Bidir Pad     ; Unplaced ; Synthesized                                ;
;     -- fsmc_db[5]~output      ; Top       ; Output Buffer ; Unplaced ; Preserved from Synthesis Netlist (WYSIWYG) ;
;                               ;           ;               ;          ;                                            ;
; fsmc_db[6]                    ; Top       ; Bidir Port    ; n/a      ;                                            ;
;     -- fsmc_db[6]             ; Top       ; Bidir Pad     ; Unplaced ; Synthesized                                ;
;     -- fsmc_db[6]~output      ; Top       ; Output Buffer ; Unplaced ; Preserved from Synthesis Netlist (WYSIWYG) ;
;                               ;           ;               ;          ;                                            ;
; fsmc_db[7]                    ; Top       ; Bidir Port    ; n/a      ;                                            ;
;     -- fsmc_db[7]             ; Top       ; Bidir Pad     ; Unplaced ; Synthesized                                ;
;     -- fsmc_db[7]~output      ; Top       ; Output Buffer ; Unplaced ; Preserved from Synthesis Netlist (WYSIWYG) ;
;                               ;           ;               ;          ;                                            ;
; fsmc_db[8]                    ; Top       ; Bidir Port    ; n/a      ;                                            ;
;     -- fsmc_db[8]             ; Top       ; Bidir Pad     ; Unplaced ; Synthesized                                ;
;     -- fsmc_db[8]~output      ; Top       ; Output Buffer ; Unplaced ; Preserved from Synthesis Netlist (WYSIWYG) ;
;                               ;           ;               ;          ;                                            ;
; fsmc_db[9]                    ; Top       ; Bidir Port    ; n/a      ;                                            ;
;     -- fsmc_db[9]             ; Top       ; Bidir Pad     ; Unplaced ; Synthesized                                ;
;     -- fsmc_db[9]~output      ; Top       ; Output Buffer ; Unplaced ; Preserved from Synthesis Netlist (WYSIWYG) ;
;                               ;           ;               ;          ;                                            ;
; fsmc_full_irq_o               ; Top       ; Output Port   ; n/a      ;                                            ;
;     -- fsmc_full_irq_o        ; Top       ; Output Pad    ; Unplaced ; Synthesized                                ;
;     -- fsmc_full_irq_o~output ; Top       ; Output Buffer ; Unplaced ; Synthesized                                ;
;                               ;           ;               ;          ;                                            ;
; fsmc_nrd                      ; Top       ; Input Port    ; n/a      ;                                            ;
;     -- fsmc_nrd               ; Top       ; Input Pad     ; Unplaced ; Synthesized                                ;
;     -- fsmc_nrd~input         ; Top       ; Input Buffer  ; Unplaced ; Synthesized                                ;
;                               ;           ;               ;          ;                                            ;
; fsmc_nwr                      ; Top       ; Input Port    ; n/a      ;                                            ;
;     -- fsmc_nwr               ; Top       ; Input Pad     ; Unplaced ; Synthesized                                ;
;     -- fsmc_nwr~input         ; Top       ; Input Buffer  ; Unplaced ; Synthesized                                ;
;                               ;           ;               ;          ;                                            ;
; keylock_i                     ; Top       ; Input Port    ; n/a      ;                                            ;
;     -- keylock_i              ; Top       ; Input Pad     ; Unplaced ; Synthesized                                ;
;     -- keylock_i~input        ; Top       ; Input Buffer  ; Unplaced ; Synthesized                                ;
;                               ;           ;               ;          ;                                            ;
; led_out1                      ; Top       ; Output Port   ; n/a      ;                                            ;
;     -- led_out1               ; Top       ; Output Pad    ; Unplaced ; Synthesized                                ;
;     -- led_out1~output        ; Top       ; Output Buffer ; Unplaced ; Synthesized                                ;
;                               ;           ;               ;          ;                                            ;
; led_out2                      ; Top       ; Output Port   ; n/a      ;                                            ;
;     -- led_out2               ; Top       ; Output Pad    ; Unplaced ; Synthesized                                ;
;     -- led_out2~output        ; Top       ; Output Buffer ; Unplaced ; Synthesized                                ;
;                               ;           ;               ;          ;                                            ;
; mod_sw_i                      ; Top       ; Input Port    ; n/a      ;                                            ;
;     -- mod_sw_i               ; Top       ; Input Pad     ; Unplaced ; Synthesized                                ;
;     -- mod_sw_i~input         ; Top       ; Input Buffer  ; Unplaced ; Synthesized                                ;
;                               ;           ;               ;          ;                                            ;
; mpwr_en_o                     ; Top       ; Output Port   ; n/a      ;                                            ;
;     -- mpwr_en_o              ; Top       ; Output Pad    ; Unplaced ; Synthesized                                ;
;     -- mpwr_en_o~output       ; Top       ; Output Buffer ; Unplaced ; Synthesized                                ;
;                               ;           ;               ;          ;                                            ;
; mpwr_iog_i                    ; Top       ; Input Port    ; n/a      ;                                            ;
;     -- mpwr_iog_i             ; Top       ; Input Pad     ; Unplaced ; Synthesized                                ;
;     -- mpwr_iog_i~input       ; Top       ; Input Buffer  ; Unplaced ; Synthesized                                ;
;                               ;           ;               ;          ;                                            ;
; opp_ad_miso                   ; Top       ; Input Port    ; n/a      ;                                            ;
;     -- opp_ad_miso            ; Top       ; Input Pad     ; Unplaced ; Synthesized                                ;
;     -- opp_ad_miso~input      ; Top       ; Input Buffer  ; Unplaced ; Synthesized                                ;
;                               ;           ;               ;          ;                                            ;
; opp_ad_ncs                    ; Top       ; Output Port   ; n/a      ;                                            ;
;     -- opp_ad_ncs             ; Top       ; Output Pad    ; Unplaced ; Synthesized                                ;
;     -- opp_ad_ncs~output      ; Top       ; Output Buffer ; Unplaced ; Synthesized                                ;
;                               ;           ;               ;          ;                                            ;
; opp_ad_sclk                   ; Top       ; Output Port   ; n/a      ;                                            ;
;     -- opp_ad_sclk            ; Top       ; Output Pad    ; Unplaced ; Synthesized                                ;
;     -- opp_ad_sclk~output     ; Top       ; Output Buffer ; Unplaced ; Preserved from Synthesis Netlist (WYSIWYG) ;
;                               ;           ;               ;          ;                                            ;
; opp_limerr1_i                 ; Top       ; Input Port    ; n/a      ;                                            ;
;     -- opp_limerr1_i          ; Top       ; Input Pad     ; Unplaced ; Synthesized                                ;
;     -- opp_limerr1_i~input    ; Top       ; Input Buffer  ; Unplaced ; Synthesized                                ;
;                               ;           ;               ;          ;                                            ;
; qbhlock_i                     ; Top       ; Input Port    ; n/a      ;                                            ;
;     -- qbhlock_i              ; Top       ; Input Pad     ; Unplaced ; Synthesized                                ;
;     -- qbhlock_i~input        ; Top       ; Input Buffer  ; Unplaced ; Synthesized                                ;
;                               ;           ;               ;          ;                                            ;
; rem_start_i                   ; Top       ; Input Port    ; n/a      ;                                            ;
;     -- rem_start_i            ; Top       ; Input Pad     ; Unplaced ; Synthesized                                ;
;     -- rem_start_i~input      ; Top       ; Input Buffer  ; Unplaced ; Synthesized                                ;
;                               ;           ;               ;          ;                                            ;
; rstn_i                        ; Top       ; Input Port    ; n/a      ;                                            ;
;     -- rstn_i                 ; Top       ; Input Pad     ; Unplaced ; Synthesized                                ;
;     -- rstn_i~input           ; Top       ; Input Buffer  ; Unplaced ; Synthesized                                ;
;                               ;           ;               ;          ;                                            ;
; wmt_sig_i                     ; Top       ; Input Port    ; n/a      ;                                            ;
;     -- wmt_sig_i              ; Top       ; Input Pad     ; Unplaced ; Synthesized                                ;
;     -- wmt_sig_i~input        ; Top       ; Input Buffer  ; Unplaced ; Synthesized                                ;
;                               ;           ;               ;          ;                                            ;
+-------------------------------+-----------+---------------+----------+--------------------------------------------+


+------------------------------------------------------------+
; Partition Merge Resource Usage Summary                     ;
+---------------------------------------------+--------------+
; Resource                                    ; Usage        ;
+---------------------------------------------+--------------+
; Estimated Total logic elements              ; 9,499        ;
;                                             ;              ;
; Total combinational functions               ; 8585         ;
; Logic element usage by number of LUT inputs ;              ;
;     -- 4 input functions                    ; 2547         ;
;     -- 3 input functions                    ; 3765         ;
;     -- <=2 input functions                  ; 2273         ;
;                                             ;              ;
; Logic elements by mode                      ;              ;
;     -- normal mode                          ; 6069         ;
;     -- arithmetic mode                      ; 2516         ;
;                                             ;              ;
; Total registers                             ; 4647         ;
;     -- Dedicated logic registers            ; 4647         ;
;     -- I/O registers                        ; 0            ;
;                                             ;              ;
; I/O pins                                    ; 66           ;
; Total memory bits                           ; 12288        ;
; Embedded Multiplier 9-bit elements          ; 7            ;
; Total PLLs                                  ; 1            ;
;     -- PLLs                                 ; 1            ;
;                                             ;              ;
; Maximum fan-out node                        ; rstn_i~input ;
; Maximum fan-out                             ; 4563         ;
; Total fan-out                               ; 47364        ;
; Average fan-out                             ; 3.50         ;
+---------------------------------------------+--------------+


+------------------------------------------------------------------------------------------------------------------------------------------------------------------------------------------------+
; Partition Merge RAM Summary                                                                                                                                                                    ;
+--------------------------------------------------------------------------------------------+------+------------------+--------------+--------------+--------------+--------------+------+------+
; Name                                                                                       ; Type ; Mode             ; Port A Depth ; Port A Width ; Port B Depth ; Port B Width ; Size ; MIF  ;
+--------------------------------------------------------------------------------------------+------+------------------+--------------+--------------+--------------+--------------+------+------+
; ram:ccs1_ram|altsyncram:altsyncram_component|altsyncram_n8s1:auto_generated|ALTSYNCRAM     ; M9K  ; Simple Dual Port ; 96           ; 16           ; 96           ; 16           ; 1536 ; None ;
; ram:ccs2_ram|altsyncram:altsyncram_component|altsyncram_n8s1:auto_generated|ALTSYNCRAM     ; M9K  ; Simple Dual Port ; 96           ; 16           ; 96           ; 16           ; 1536 ; None ;
; ram:ccs3_ram|altsyncram:altsyncram_component|altsyncram_n8s1:auto_generated|ALTSYNCRAM     ; M9K  ; Simple Dual Port ; 96           ; 16           ; 96           ; 16           ; 1536 ; None ;
; ram:ccs4_ram|altsyncram:altsyncram_component|altsyncram_n8s1:auto_generated|ALTSYNCRAM     ; M9K  ; Simple Dual Port ; 96           ; 16           ; 96           ; 16           ; 1536 ; None ;
; ram:ccs5_ram|altsyncram:altsyncram_component|altsyncram_n8s1:auto_generated|ALTSYNCRAM     ; M9K  ; Simple Dual Port ; 96           ; 16           ; 96           ; 16           ; 1536 ; None ;
; ram:ccs6_ram|altsyncram:altsyncram_component|altsyncram_n8s1:auto_generated|ALTSYNCRAM     ; M9K  ; Simple Dual Port ; 96           ; 16           ; 96           ; 16           ; 1536 ; None ;
; ram:oppbak_ram|altsyncram:altsyncram_component|altsyncram_n8s1:auto_generated|ALTSYNCRAM   ; M9K  ; Simple Dual Port ; 96           ; 16           ; 96           ; 16           ; 1536 ; None ;
; ram:oppinteg_ram|altsyncram:altsyncram_component|altsyncram_n8s1:auto_generated|ALTSYNCRAM ; M9K  ; Simple Dual Port ; 96           ; 16           ; 96           ; 16           ; 1536 ; None ;
+--------------------------------------------------------------------------------------------+------+------------------+--------------+--------------+--------------+--------------+------+------+


+-----------------------------------------------------+
; Partition Merge DSP Block Usage Summary             ;
+---------------------------------------+-------------+
; Statistic                             ; Number Used ;
+---------------------------------------+-------------+
; Simple Multipliers (9-bit)            ; 1           ;
; Simple Multipliers (18-bit)           ; 3           ;
; Embedded Multiplier Blocks            ; --          ;
; Embedded Multiplier 9-bit elements    ; 7           ;
; Signed Embedded Multipliers           ; 0           ;
; Unsigned Embedded Multipliers         ; 4           ;
; Mixed Sign Embedded Multipliers       ; 0           ;
; Variable Sign Embedded Multipliers    ; 0           ;
; Dedicated Input Shift Register Chains ; 0           ;
+---------------------------------------+-------------+
Note: number of Embedded Multiplier Blocks used is only available after a successful fit.


+--------------------------+
; Partition Merge Messages ;
+--------------------------+
Info: *******************************************************************
Info: Running Quartus II 64-Bit Partition Merge
    Info: Version 13.1.0 Build 162 10/23/2013 SJ Full Version
    Info: Processing started: Wed Jan 10 11:12:49 2018
Info: Command: quartus_cdb --read_settings_files=off --write_settings_files=off 500W1200W -c 500W1200W --merge=on
Warning (35010): Previously generated Fitter netlist for partition "Top" is older than current Synthesis netlist -- using the current Synthesis netlist instead to ensure that the latest source changes are included
    Info (35011): Set the option to Ignore source file changes to force the Quartus II software to always use a previously generated Fitter netlist
Info (35007): Using synthesis netlist for partition "Top"
Info (35002): Resolved and merged 1 partition(s)
Info (16010): Generating hard_block partition "hard_block:auto_generated_inst"
    Info (16011): Adding 1 node(s), including 0 DDIO, 1 PLL, 0 transceiver and 0 LCELL
Info (21057): Implemented 9771 device resources after synthesis - the final resource count might be different
    Info (21058): Implemented 26 input pins
    Info (21059): Implemented 24 output pins
    Info (21060): Implemented 16 bidirectional pins
    Info (21061): Implemented 9569 logic cells
    Info (21064): Implemented 128 RAM segments
    Info (21065): Implemented 1 PLLs
    Info (21062): Implemented 7 DSP elements
Info: Quartus II 64-Bit Partition Merge was successful. 0 errors, 1 warning
    Info: Peak virtual memory: 570 megabytes
    Info: Processing ended: Wed Jan 10 11:12:53 2018
    Info: Elapsed time: 00:00:04
    Info: Total CPU time (on all processors): 00:00:04


